<?xml version="1.0" encoding="UTF-8"?>
<!-- Generated by org.testng.reporters.JUnitXMLReporter -->
<testsuite ignored="0" hostname="DESKTOP-1QASA0A" failures="0" tests="6" name="Default test" time="118.76" errors="0" timestamp="01 Sep 2020 11:43:14 GMT">
  <testcase classname="com.guru.qa.testcases.CommonFunctionUsageTestSelEasy" name="verifySeleniumEasyDDValue" time="2.184"/>
  <testcase classname="com.guru.qa.testcases.CommonFunctionUsageTestSelEasy" name="verifySeleniumEasyDDValue" time="1.491"/>
  <testcase classname="com.guru.qa.testcases.CommonFunctionUsageTestSelEasy" name="verifySeleniumEasyDDValue" time="1.764"/>
  <testcase classname="com.guru.qa.testcases.CommonFunctionUsageTestSelEasy" name="verifySeleniumEasyDDValue" time="1.683"/>
  <testcase classname="com.guru.qa.testcases.CommonFunctionUsageTestSelEasy" name="verifySeleniumEasyDDValue" time="1.314"/>
  <testcase classname="com.guru.qa.testcases.CommonFunctionUsageTestSelEasy" name="verifySeleniumEasyDDValue" time="1.412"/>
</testsuite> <!-- Default test -->
