<?xml version="1.0" encoding="UTF-8"?>
<testng-results ignored="0" total="6" passed="6" failed="0" skipped="0">
  <reporter-output>
  </reporter-output>
  <suite started-at="2020-09-01T11:41:13Z" name="Default suite" finished-at="2020-09-01T11:43:12Z" duration-ms="118760">
    <groups>
    </groups>
    <test started-at="2020-09-01T11:41:13Z" name="Default test" finished-at="2020-09-01T11:43:12Z" duration-ms="118760">
      <class name="com.guru.qa.testcases.CommonFunctionUsageTestSelEasy">
        <test-method is-config="true" signature="setLog4j()[pri:0, instance:com.guru.qa.testcases.CommonFunctionUsageTestSelEasy@16150369]" started-at="2020-09-01T17:11:13Z" name="setLog4j" finished-at="2020-09-01T17:11:13Z" duration-ms="66" status="PASS">
          <reporter-output>
          </reporter-output>
        </test-method> <!-- setLog4j -->
        <test-method is-config="true" signature="setUp()[pri:0, instance:com.guru.qa.testcases.CommonFunctionUsageTestSelEasy@16150369]" started-at="2020-09-01T17:11:16Z" name="setUp" finished-at="2020-09-01T17:11:34Z" duration-ms="18482" status="PASS">
          <reporter-output>
          </reporter-output>
        </test-method> <!-- setUp -->
        <test-method signature="verifySeleniumEasyDDValue(java.lang.String)[pri:1, instance:com.guru.qa.testcases.CommonFunctionUsageTestSelEasy@16150369]" started-at="2020-09-01T17:11:34Z" name="verifySeleniumEasyDDValue" data-provider="getSeleEasyTestData" finished-at="2020-09-01T17:11:36Z" duration-ms="2184" status="PASS">
          <params>
            <param index="0">
              <value>
                <![CDATA[Wednesday]]>
              </value>
            </param>
          </params>
          <reporter-output>
          </reporter-output>
        </test-method> <!-- verifySeleniumEasyDDValue -->
        <test-method is-config="true" signature="tearDown()[pri:0, instance:com.guru.qa.testcases.CommonFunctionUsageTestSelEasy@16150369]" started-at="2020-09-01T17:11:36Z" name="tearDown" finished-at="2020-09-01T17:11:36Z" duration-ms="1" status="PASS">
          <reporter-output>
          </reporter-output>
        </test-method> <!-- tearDown -->
        <test-method is-config="true" signature="setUp()[pri:0, instance:com.guru.qa.testcases.CommonFunctionUsageTestSelEasy@16150369]" started-at="2020-09-01T17:11:36Z" name="setUp" finished-at="2020-09-01T17:11:52Z" duration-ms="15434" status="PASS">
          <reporter-output>
          </reporter-output>
        </test-method> <!-- setUp -->
        <test-method signature="verifySeleniumEasyDDValue(java.lang.String)[pri:1, instance:com.guru.qa.testcases.CommonFunctionUsageTestSelEasy@16150369]" started-at="2020-09-01T17:11:52Z" name="verifySeleniumEasyDDValue" data-provider="getSeleEasyTestData" finished-at="2020-09-01T17:11:53Z" duration-ms="1491" status="PASS">
          <params>
            <param index="0">
              <value>
                <![CDATA[Sunday]]>
              </value>
            </param>
          </params>
          <reporter-output>
          </reporter-output>
        </test-method> <!-- verifySeleniumEasyDDValue -->
        <test-method is-config="true" signature="tearDown()[pri:0, instance:com.guru.qa.testcases.CommonFunctionUsageTestSelEasy@16150369]" started-at="2020-09-01T17:11:53Z" name="tearDown" finished-at="2020-09-01T17:11:53Z" duration-ms="0" status="PASS">
          <reporter-output>
          </reporter-output>
        </test-method> <!-- tearDown -->
        <test-method is-config="true" signature="setUp()[pri:0, instance:com.guru.qa.testcases.CommonFunctionUsageTestSelEasy@16150369]" started-at="2020-09-01T17:11:53Z" name="setUp" finished-at="2020-09-01T17:12:10Z" duration-ms="16264" status="PASS">
          <reporter-output>
          </reporter-output>
        </test-method> <!-- setUp -->
        <test-method signature="verifySeleniumEasyDDValue(java.lang.String)[pri:1, instance:com.guru.qa.testcases.CommonFunctionUsageTestSelEasy@16150369]" started-at="2020-09-01T17:12:10Z" name="verifySeleniumEasyDDValue" data-provider="getSeleEasyTestData" finished-at="2020-09-01T17:12:11Z" duration-ms="1764" status="PASS">
          <params>
            <param index="0">
              <value>
                <![CDATA[Monday]]>
              </value>
            </param>
          </params>
          <reporter-output>
          </reporter-output>
        </test-method> <!-- verifySeleniumEasyDDValue -->
        <test-method is-config="true" signature="setUp()[pri:0, instance:com.guru.qa.testcases.CommonFunctionUsageTestSelEasy@16150369]" started-at="2020-09-01T17:12:11Z" name="setUp" finished-at="2020-09-01T17:12:32Z" duration-ms="20429" status="PASS">
          <reporter-output>
          </reporter-output>
        </test-method> <!-- setUp -->
        <test-method is-config="true" signature="tearDown()[pri:0, instance:com.guru.qa.testcases.CommonFunctionUsageTestSelEasy@16150369]" started-at="2020-09-01T17:12:11Z" name="tearDown" finished-at="2020-09-01T17:12:11Z" duration-ms="0" status="PASS">
          <reporter-output>
          </reporter-output>
        </test-method> <!-- tearDown -->
        <test-method signature="verifySeleniumEasyDDValue(java.lang.String)[pri:1, instance:com.guru.qa.testcases.CommonFunctionUsageTestSelEasy@16150369]" started-at="2020-09-01T17:12:32Z" name="verifySeleniumEasyDDValue" data-provider="getSeleEasyTestData" finished-at="2020-09-01T17:12:33Z" duration-ms="1683" status="PASS">
          <params>
            <param index="0">
              <value>
                <![CDATA[Saturday]]>
              </value>
            </param>
          </params>
          <reporter-output>
          </reporter-output>
        </test-method> <!-- verifySeleniumEasyDDValue -->
        <test-method is-config="true" signature="tearDown()[pri:0, instance:com.guru.qa.testcases.CommonFunctionUsageTestSelEasy@16150369]" started-at="2020-09-01T17:12:33Z" name="tearDown" finished-at="2020-09-01T17:12:33Z" duration-ms="0" status="PASS">
          <reporter-output>
          </reporter-output>
        </test-method> <!-- tearDown -->
        <test-method is-config="true" signature="setUp()[pri:0, instance:com.guru.qa.testcases.CommonFunctionUsageTestSelEasy@16150369]" started-at="2020-09-01T17:12:33Z" name="setUp" finished-at="2020-09-01T17:12:50Z" duration-ms="16632" status="PASS">
          <reporter-output>
          </reporter-output>
        </test-method> <!-- setUp -->
        <test-method signature="verifySeleniumEasyDDValue(java.lang.String)[pri:1, instance:com.guru.qa.testcases.CommonFunctionUsageTestSelEasy@16150369]" started-at="2020-09-01T17:12:50Z" name="verifySeleniumEasyDDValue" data-provider="getSeleEasyTestData" finished-at="2020-09-01T17:12:51Z" duration-ms="1314" status="PASS">
          <params>
            <param index="0">
              <value>
                <![CDATA[Tuesday]]>
              </value>
            </param>
          </params>
          <reporter-output>
          </reporter-output>
        </test-method> <!-- verifySeleniumEasyDDValue -->
        <test-method is-config="true" signature="tearDown()[pri:0, instance:com.guru.qa.testcases.CommonFunctionUsageTestSelEasy@16150369]" started-at="2020-09-01T17:12:51Z" name="tearDown" finished-at="2020-09-01T17:12:51Z" duration-ms="0" status="PASS">
          <reporter-output>
          </reporter-output>
        </test-method> <!-- tearDown -->
        <test-method is-config="true" signature="setUp()[pri:0, instance:com.guru.qa.testcases.CommonFunctionUsageTestSelEasy@16150369]" started-at="2020-09-01T17:12:51Z" name="setUp" finished-at="2020-09-01T17:13:11Z" duration-ms="19213" status="PASS">
          <reporter-output>
          </reporter-output>
        </test-method> <!-- setUp -->
        <test-method signature="verifySeleniumEasyDDValue(java.lang.String)[pri:1, instance:com.guru.qa.testcases.CommonFunctionUsageTestSelEasy@16150369]" started-at="2020-09-01T17:13:11Z" name="verifySeleniumEasyDDValue" data-provider="getSeleEasyTestData" finished-at="2020-09-01T17:13:12Z" duration-ms="1412" status="PASS">
          <params>
            <param index="0">
              <value>
                <![CDATA[January]]>
              </value>
            </param>
          </params>
          <reporter-output>
          </reporter-output>
        </test-method> <!-- verifySeleniumEasyDDValue -->
        <test-method is-config="true" signature="tearDown()[pri:0, instance:com.guru.qa.testcases.CommonFunctionUsageTestSelEasy@16150369]" started-at="2020-09-01T17:13:12Z" name="tearDown" finished-at="2020-09-01T17:13:12Z" duration-ms="1" status="PASS">
          <reporter-output>
          </reporter-output>
        </test-method> <!-- tearDown -->
        <test-method is-config="true" signature="endReport()[pri:0, instance:com.guru.qa.testcases.CommonFunctionUsageTestSelEasy@16150369]" started-at="2020-09-01T17:13:12Z" name="endReport" finished-at="2020-09-01T17:13:12Z" duration-ms="0" status="PASS">
          <reporter-output>
          </reporter-output>
        </test-method> <!-- endReport -->
      </class> <!-- com.guru.qa.testcases.CommonFunctionUsageTestSelEasy -->
    </test> <!-- Default test -->
  </suite> <!-- Default suite -->
</testng-results>
